<?xml version="1.0" encoding="UTF-8"?>
<!-- Generated by org.testng.reporters.JUnitXMLReporter -->
<testsuite ignored="0" hostname="DESKTOP-1UIQG5E" failures="0" tests="6" name="Chrome Test" time="3.083" errors="0" timestamp="19 Jan 2023 11:01:39 GMT">
  <testcase classname="ParameterizationCrossBrowserPractice.AllBrowser" name="CrossBrowserTesting" time="2.762"/>
  <testcase classname="ParameterizationCrossBrowserPractice.AllBrowser" name="VerifyCurrentUrl" time="0.017"/>
  <testcase classname="ParameterizationCrossBrowserPractice.AllBrowser" name="VerifyPageTitle" time="0.008"/>
  <testcase classname="ParameterizationCrossBrowserPractice.AllBrowser" name="VerifyUsernameField" time="0.099"/>
  <testcase classname="ParameterizationCrossBrowserPractice.AllBrowser" name="VerifyPasswordField" time="0.091"/>
  <testcase classname="ParameterizationCrossBrowserPractice.AllBrowser" name="ClickLoginBtn" time="0.064"/>
</testsuite> <!-- Chrome Test -->
