<?xml version="1.0" encoding="UTF-8"?>
<!-- Generated by org.testng.reporters.JUnitXMLReporter -->
<testsuite ignored="0" hostname="DESKTOP-1UIQG5E" failures="0" tests="9" name="Test" time="0.039" errors="0" timestamp="27 Dec 2022 16:39:40 GMT">
  <testcase classname="KeyowrdsPractice.InvocationCountPractice" name="homepage" time="0.004"/>
  <testcase classname="KeyowrdsPractice.InvocationCountPractice" name="homepage" time="0.001"/>
  <testcase classname="KeyowrdsPractice.InvocationCountPractice" name="homepage" time="0.001"/>
  <testcase classname="KeyowrdsPractice.InvocationCountPractice" name="homepage" time="0.001"/>
  <testcase classname="KeyowrdsPractice.InvocationCountPractice" name="homepage" time="0.001"/>
  <testcase classname="KeyowrdsPractice.InvocationCountPractice" name="notificationpage" time="0.001"/>
  <testcase classname="Basics.IntroductionToTestng" name="openUrl" time="0.001"/>
  <testcase classname="Basics.IntroductionToTestng" name="login" time="0.001"/>
  <testcase classname="Basics.IntroductionToTestng" name="logout" time="0.002"/>
</testsuite> <!-- Test -->
