<?xml version="1.0" encoding="UTF-8"?>
<testng-results ignored="0" total="1" passed="1" failed="0" skipped="0">
  <reporter-output>
  </reporter-output>
  <suite started-at="2023-01-30T14:31:06Z" name="Default suite" finished-at="2023-01-30T14:31:10Z" duration-ms="4156">
    <groups>
    </groups>
    <test started-at="2023-01-30T14:31:06Z" name="Default test" finished-at="2023-01-30T14:31:10Z" duration-ms="4156">
      <class name="Insta.InstagramTest">
        <test-method is-config="true" signature="SetUp()[pri:0, instance:Insta.InstagramTest@3e6f3f28]" started-at="2023-01-30T14:31:06Z" name="SetUp" finished-at="2023-01-30T14:31:09Z" duration-ms="3191" status="PASS">
          <reporter-output>
          </reporter-output>
        </test-method> <!-- SetUp -->
        <test-method signature="InstagramSignupPageTest()[pri:0, instance:Insta.InstagramTest@3e6f3f28]" started-at="2023-01-30T14:31:09Z" name="InstagramSignupPageTest" finished-at="2023-01-30T14:31:10Z" duration-ms="784" status="PASS">
          <reporter-output>
          </reporter-output>
        </test-method> <!-- InstagramSignupPageTest -->
        <test-method is-config="true" signature="teardown()[pri:0, instance:Insta.InstagramTest@3e6f3f28]" started-at="2023-01-30T14:31:10Z" name="teardown" finished-at="2023-01-30T14:31:10Z" duration-ms="163" status="PASS">
          <reporter-output>
          </reporter-output>
        </test-method> <!-- teardown -->
      </class> <!-- Insta.InstagramTest -->
    </test> <!-- Default test -->
  </suite> <!-- Default suite -->
</testng-results>
